<?xml version="1.0" encoding="UTF-8"?>
<testsuites>
  <testsuite name="/var/www/phpunit.xml" tests="295" assertions="778" errors="0" failures="0" skipped="0" time="8.315581">
    <testsuite name="Unit" tests="134" assertions="296" errors="0" failures="0" skipped="0" time="0.387559">
      <testsuite name="Tests\Unit\Application\Auth\LoginTest" file="tests/Unit/Application/Auth/LoginTest.php" tests="6" assertions="10" errors="0" failures="0" skipped="0" time="0.031906">
        <testcase name="it logs in with correct credentials and sets session user id" file="tests/Unit/Application/Auth/LoginTest.php::it logs in with correct credentials and sets session user id" class="Tests\Unit\Application\Auth\LoginTest" classname="Tests.Unit.Application.Auth.LoginTest" assertions="2" time="0.026628"/>
        <testcase name="it rejects unknown email with InvalidCredentialsException" file="tests/Unit/Application/Auth/LoginTest.php::it rejects unknown email with InvalidCredentialsException" class="Tests\Unit\Application\Auth\LoginTest" classname="Tests.Unit.Application.Auth.LoginTest" assertions="2" time="0.002113"/>
        <testcase name="it logs in with case-insensitive email and surrounding whitespace" file="tests/Unit/Application/Auth/LoginTest.php::it logs in with case-insensitive email and surrounding whitespace" class="Tests\Unit\Application\Auth\LoginTest" classname="Tests.Unit.Application.Auth.LoginTest" assertions="2" time="0.000828"/>
        <testcase name="it rejects wrong password with InvalidCredentialsException" file="tests/Unit/Application/Auth/LoginTest.php::it rejects wrong password with InvalidCredentialsException" class="Tests\Unit\Application\Auth\LoginTest" classname="Tests.Unit.Application.Auth.LoginTest" assertions="2" time="0.000670"/>
        <testcase name="it does not establish session on failure" file="tests/Unit/Application/Auth/LoginTest.php::it does not establish session on failure" class="Tests\Unit\Application\Auth\LoginTest" classname="Tests.Unit.Application.Auth.LoginTest" assertions="1" time="0.000896"/>
        <testcase name="it uses identical exception messages for unknown email and wrong password (no enumeration)" file="tests/Unit/Application/Auth/LoginTest.php::it uses identical exception messages for unknown email and wrong password (no enumeration)" class="Tests\Unit\Application\Auth\LoginTest" classname="Tests.Unit.Application.Auth.LoginTest" assertions="1" time="0.000771"/>
      </testsuite>
      <testsuite name="Tests\Unit\Application\Auth\LogoutTest" file="tests/Unit/Application/Auth/LogoutTest.php" tests="2" assertions="2" errors="0" failures="0" skipped="0" time="0.020567">
        <testcase name="it clears the session" file="tests/Unit/Application/Auth/LogoutTest.php::it clears the session" class="Tests\Unit\Application\Auth\LogoutTest" classname="Tests.Unit.Application.Auth.LogoutTest" assertions="1" time="0.019940"/>
        <testcase name="it is idempotent on an empty session" file="tests/Unit/Application/Auth/LogoutTest.php::it is idempotent on an empty session" class="Tests\Unit\Application\Auth\LogoutTest" classname="Tests.Unit.Application.Auth.LogoutTest" assertions="1" time="0.000627"/>
      </testsuite>
      <testsuite name="Tests\Unit\Application\Project\CreateProjectTest" file="tests/Unit/Application/Project/CreateProjectTest.php" tests="4" assertions="12" errors="0" failures="0" skipped="0" time="0.018419">
        <testcase name="it creates a project and adds owner as member" file="tests/Unit/Application/Project/CreateProjectTest.php::it creates a project and adds owner as member" class="Tests\Unit\Application\Project\CreateProjectTest" classname="Tests.Unit.Application.Project.CreateProjectTest" assertions="6" time="0.011803"/>
        <testcase name="it rejects unknown owner" file="tests/Unit/Application/Project/CreateProjectTest.php::it rejects unknown owner" class="Tests\Unit\Application\Project\CreateProjectTest" classname="Tests.Unit.Application.Project.CreateProjectTest" assertions="1" time="0.004149"/>
        <testcase name="it rejects empty project name via domain validation" file="tests/Unit/Application/Project/CreateProjectTest.php::it rejects empty project name via domain validation" class="Tests\Unit\Application\Project\CreateProjectTest" classname="Tests.Unit.Application.Project.CreateProjectTest" assertions="2" time="0.001259"/>
        <testcase name="it uses clock timestamps for project and membership" file="tests/Unit/Application/Project/CreateProjectTest.php::it uses clock timestamps for project and membership" class="Tests\Unit\Application\Project\CreateProjectTest" classname="Tests.Unit.Application.Project.CreateProjectTest" assertions="3" time="0.001208"/>
      </testsuite>
      <testsuite name="Tests\Unit\Application\Project\ListUserProjectsTest" file="tests/Unit/Application/Project/ListUserProjectsTest.php" tests="3" assertions="7" errors="0" failures="0" skipped="0" time="0.010366">
        <testcase name="it returns projects where the user is a member" file="tests/Unit/Application/Project/ListUserProjectsTest.php::it returns projects where the user is a member" class="Tests\Unit\Application\Project\ListUserProjectsTest" classname="Tests.Unit.Application.Project.ListUserProjectsTest" assertions="5" time="0.008271"/>
        <testcase name="it returns empty list when user has no memberships" file="tests/Unit/Application/Project/ListUserProjectsTest.php::it returns empty list when user has no memberships" class="Tests\Unit\Application\Project\ListUserProjectsTest" classname="Tests.Unit.Application.Project.ListUserProjectsTest" assertions="1" time="0.001054"/>
        <testcase name="it returns projects in stable id order" file="tests/Unit/Application/Project/ListUserProjectsTest.php::it returns projects in stable id order" class="Tests\Unit\Application\Project\ListUserProjectsTest" classname="Tests.Unit.Application.Project.ListUserProjectsTest" assertions="1" time="0.001041"/>
      </testsuite>
      <testsuite name="Tests\Unit\Application\Project\ShowProjectTest" file="tests/Unit/Application/Project/ShowProjectTest.php" tests="4" assertions="9" errors="0" failures="0" skipped="0" time="0.008863">
        <testcase name="it returns the project when actor is a member" file="tests/Unit/Application/Project/ShowProjectTest.php::it returns the project when actor is a member" class="Tests\Unit\Application\Project\ShowProjectTest" classname="Tests.Unit.Application.Project.ShowProjectTest" assertions="3" time="0.006113"/>
        <testcase name="it throws ProjectNotFoundException for unknown project id" file="tests/Unit/Application/Project/ShowProjectTest.php::it throws ProjectNotFoundException for unknown project id" class="Tests\Unit\Application\Project\ShowProjectTest" classname="Tests.Unit.Application.Project.ShowProjectTest" assertions="2" time="0.001053"/>
        <testcase name="it throws NotAProjectMemberException when actor is not a member of an existing project" file="tests/Unit/Application/Project/ShowProjectTest.php::it throws NotAProjectMemberException when actor is not a member of an existing project" class="Tests\Unit\Application\Project\ShowProjectTest" classname="Tests.Unit.Application.Project.ShowProjectTest" assertions="2" time="0.001018"/>
        <testcase name="it checks project existence before membership, matching the current 404-before-403 ordering" file="tests/Unit/Application/Project/ShowProjectTest.php::it checks project existence before membership, matching the current 404-before-403 ordering" class="Tests\Unit\Application\Project\ShowProjectTest" classname="Tests.Unit.Application.Project.ShowProjectTest" assertions="2" time="0.000680"/>
      </testsuite>
      <testsuite name="Tests\Unit\Application\Task\AddCommentTest" file="tests/Unit/Application/Task/AddCommentTest.php" tests="4" assertions="9" errors="0" failures="0" skipped="0" time="0.014138">
        <testcase name="it adds a comment from a project member" file="tests/Unit/Application/Task/AddCommentTest.php::it adds a comment from a project member" class="Tests\Unit\Application\Task\AddCommentTest" classname="Tests.Unit.Application.Task.AddCommentTest" assertions="5" time="0.010828"/>
        <testcase name="it rejects unknown task" file="tests/Unit/Application/Task/AddCommentTest.php::it rejects unknown task" class="Tests\Unit\Application\Task\AddCommentTest" classname="Tests.Unit.Application.Task.AddCommentTest" assertions="1" time="0.001287"/>
        <testcase name="it rejects author who is not a project member" file="tests/Unit/Application/Task/AddCommentTest.php::it rejects author who is not a project member" class="Tests\Unit\Application\Task\AddCommentTest" classname="Tests.Unit.Application.Task.AddCommentTest" assertions="1" time="0.000935"/>
        <testcase name="it rejects empty body via domain validation" file="tests/Unit/Application/Task/AddCommentTest.php::it rejects empty body via domain validation" class="Tests\Unit\Application\Task\AddCommentTest" classname="Tests.Unit.Application.Task.AddCommentTest" assertions="2" time="0.001088"/>
      </testsuite>
      <testsuite name="Tests\Unit\Application\Task\CreateTaskTest" file="tests/Unit/Application/Task/CreateTaskTest.php" tests="5" assertions="12" errors="0" failures="0" skipped="0" time="0.016050">
        <testcase name="it creates a task for a member creator" file="tests/Unit/Application/Task/CreateTaskTest.php::it creates a task for a member creator" class="Tests\Unit\Application\Task\CreateTaskTest" classname="Tests.Unit.Application.Task.CreateTaskTest" assertions="7" time="0.010140"/>
        <testcase name="it creates a task without assignee" file="tests/Unit/Application/Task/CreateTaskTest.php::it creates a task without assignee" class="Tests\Unit\Application\Task\CreateTaskTest" classname="Tests.Unit.Application.Task.CreateTaskTest" assertions="2" time="0.001422"/>
        <testcase name="it rejects unknown project" file="tests/Unit/Application/Task/CreateTaskTest.php::it rejects unknown project" class="Tests\Unit\Application\Task\CreateTaskTest" classname="Tests.Unit.Application.Task.CreateTaskTest" assertions="1" time="0.002124"/>
        <testcase name="it rejects creator who is not a project member" file="tests/Unit/Application/Task/CreateTaskTest.php::it rejects creator who is not a project member" class="Tests\Unit\Application\Task\CreateTaskTest" classname="Tests.Unit.Application.Task.CreateTaskTest" assertions="1" time="0.001386"/>
        <testcase name="it rejects assignee who is not a project member" file="tests/Unit/Application/Task/CreateTaskTest.php::it rejects assignee who is not a project member" class="Tests\Unit\Application\Task\CreateTaskTest" classname="Tests.Unit.Application.Task.CreateTaskTest" assertions="1" time="0.000978"/>
      </testsuite>
      <testsuite name="Tests\Unit\Application\Task\ListProjectTasksTest" file="tests/Unit/Application/Task/ListProjectTasksTest.php" tests="6" assertions="10" errors="0" failures="0" skipped="0" time="0.014974">
        <testcase name="it returns all tasks of a project without filters" file="tests/Unit/Application/Task/ListProjectTasksTest.php::it returns all tasks of a project without filters" class="Tests\Unit\Application\Task\ListProjectTasksTest" classname="Tests.Unit.Application.Task.ListProjectTasksTest" assertions="1" time="0.010144"/>
        <testcase name="it filters by status" file="tests/Unit/Application/Task/ListProjectTasksTest.php::it filters by status" class="Tests\Unit\Application\Task\ListProjectTasksTest" classname="Tests.Unit.Application.Task.ListProjectTasksTest" assertions="2" time="0.000959"/>
        <testcase name="it filters by dueBefore and excludes tasks without dueDate" file="tests/Unit/Application/Task/ListProjectTasksTest.php::it filters by dueBefore and excludes tasks without dueDate" class="Tests\Unit\Application\Task\ListProjectTasksTest" classname="Tests.Unit.Application.Task.ListProjectTasksTest" assertions="2" time="0.000972"/>
        <testcase name="it combines status and dueBefore filters" file="tests/Unit/Application/Task/ListProjectTasksTest.php::it combines status and dueBefore filters" class="Tests\Unit\Application\Task\ListProjectTasksTest" classname="Tests.Unit.Application.Task.ListProjectTasksTest" assertions="2" time="0.001032"/>
        <testcase name="it does not return tasks from other projects" file="tests/Unit/Application/Task/ListProjectTasksTest.php::it does not return tasks from other projects" class="Tests\Unit\Application\Task\ListProjectTasksTest" classname="Tests.Unit.Application.Task.ListProjectTasksTest" assertions="2" time="0.000922"/>
        <testcase name="it rejects listing when actor is not a project member" file="tests/Unit/Application/Task/ListProjectTasksTest.php::it rejects listing when actor is not a project member" class="Tests\Unit\Application\Task\ListProjectTasksTest" classname="Tests.Unit.Application.Task.ListProjectTasksTest" assertions="1" time="0.000944"/>
      </testsuite>
      <testsuite name="Tests\Unit\Application\Task\ListTaskCommentsTest" file="tests/Unit/Application/Task/ListTaskCommentsTest.php" tests="4" assertions="5" errors="0" failures="0" skipped="0" time="0.012889">
        <testcase name="it returns comments for a task in id order" file="tests/Unit/Application/Task/ListTaskCommentsTest.php::it returns comments for a task in id order" class="Tests\Unit\Application\Task\ListTaskCommentsTest" classname="Tests.Unit.Application.Task.ListTaskCommentsTest" assertions="1" time="0.010093"/>
        <testcase name="it rejects listing comments for unknown task" file="tests/Unit/Application/Task/ListTaskCommentsTest.php::it rejects listing comments for unknown task" class="Tests\Unit\Application\Task\ListTaskCommentsTest" classname="Tests.Unit.Application.Task.ListTaskCommentsTest" assertions="1" time="0.000972"/>
        <testcase name="it does not return comments from other tasks" file="tests/Unit/Application/Task/ListTaskCommentsTest.php::it does not return comments from other tasks" class="Tests\Unit\Application\Task\ListTaskCommentsTest" classname="Tests.Unit.Application.Task.ListTaskCommentsTest" assertions="2" time="0.000906"/>
        <testcase name="it rejects listing comments when actor is not a project member" file="tests/Unit/Application/Task/ListTaskCommentsTest.php::it rejects listing comments when actor is not a project member" class="Tests\Unit\Application\Task\ListTaskCommentsTest" classname="Tests.Unit.Application.Task.ListTaskCommentsTest" assertions="1" time="0.000917"/>
      </testsuite>
      <testsuite name="Tests\Unit\Application\Task\ListUserTasksTest" file="tests/Unit/Application/Task/ListUserTasksTest.php" tests="3" assertions="6" errors="0" failures="0" skipped="0" time="0.013323">
        <testcase name="it returns tasks assigned to the user" file="tests/Unit/Application/Task/ListUserTasksTest.php::it returns tasks assigned to the user" class="Tests\Unit\Application\Task\ListUserTasksTest" classname="Tests.Unit.Application.Task.ListUserTasksTest" assertions="4" time="0.009894"/>
        <testcase name="it returns empty list when user has no assigned tasks" file="tests/Unit/Application/Task/ListUserTasksTest.php::it returns empty list when user has no assigned tasks" class="Tests\Unit\Application\Task\ListUserTasksTest" classname="Tests.Unit.Application.Task.ListUserTasksTest" assertions="1" time="0.001291"/>
        <testcase name="it does not return tasks without an assignee" file="tests/Unit/Application/Task/ListUserTasksTest.php::it does not return tasks without an assignee" class="Tests\Unit\Application\Task\ListUserTasksTest" classname="Tests.Unit.Application.Task.ListUserTasksTest" assertions="1" time="0.002138"/>
      </testsuite>
      <testsuite name="Tests\Unit\Application\Task\UpdateTaskTest" file="tests/Unit/Application/Task/UpdateTaskTest.php" tests="10" assertions="13" errors="0" failures="0" skipped="0" time="0.018418">
        <testcase name="it updates title and bumps updatedAt" file="tests/Unit/Application/Task/UpdateTaskTest.php::it updates title and bumps updatedAt" class="Tests\Unit\Application\Task\UpdateTaskTest" classname="Tests.Unit.Application.Task.UpdateTaskTest" assertions="2" time="0.008304"/>
        <testcase name="it updates status and priority" file="tests/Unit/Application/Task/UpdateTaskTest.php::it updates status and priority" class="Tests\Unit\Application\Task\UpdateTaskTest" classname="Tests.Unit.Application.Task.UpdateTaskTest" assertions="2" time="0.001957"/>
        <testcase name="it sets due date via changeDueDate flag" file="tests/Unit/Application/Task/UpdateTaskTest.php::it sets due date via changeDueDate flag" class="Tests\Unit\Application\Task\UpdateTaskTest" classname="Tests.Unit.Application.Task.UpdateTaskTest" assertions="1" time="0.001552"/>
        <testcase name="it clears due date when changeDueDate is true and value is null" file="tests/Unit/Application/Task/UpdateTaskTest.php::it clears due date when changeDueDate is true and value is null" class="Tests\Unit\Application\Task\UpdateTaskTest" classname="Tests.Unit.Application.Task.UpdateTaskTest" assertions="1" time="0.001198"/>
        <testcase name="it assigns a member" file="tests/Unit/Application/Task/UpdateTaskTest.php::it assigns a member" class="Tests\Unit\Application\Task\UpdateTaskTest" classname="Tests.Unit.Application.Task.UpdateTaskTest" assertions="1" time="0.000985"/>
        <testcase name="it clears assignee with changeAssignee=true and null" file="tests/Unit/Application/Task/UpdateTaskTest.php::it clears assignee with changeAssignee=true and null" class="Tests\Unit\Application\Task\UpdateTaskTest" classname="Tests.Unit.Application.Task.UpdateTaskTest" assertions="1" time="0.001036"/>
        <testcase name="it rejects assignee who is not a member" file="tests/Unit/Application/Task/UpdateTaskTest.php::it rejects assignee who is not a member" class="Tests\Unit\Application\Task\UpdateTaskTest" classname="Tests.Unit.Application.Task.UpdateTaskTest" assertions="1" time="0.000895"/>
        <testcase name="it rejects update when actor is not a project member" file="tests/Unit/Application/Task/UpdateTaskTest.php::it rejects update when actor is not a project member" class="Tests\Unit\Application\Task\UpdateTaskTest" classname="Tests.Unit.Application.Task.UpdateTaskTest" assertions="1" time="0.000847"/>
        <testcase name="it rejects unknown task" file="tests/Unit/Application/Task/UpdateTaskTest.php::it rejects unknown task" class="Tests\Unit\Application\Task\UpdateTaskTest" classname="Tests.Unit.Application.Task.UpdateTaskTest" assertions="1" time="0.000799"/>
        <testcase name="it persists updates through the repository" file="tests/Unit/Application/Task/UpdateTaskTest.php::it persists updates through the repository" class="Tests\Unit\Application\Task\UpdateTaskTest" classname="Tests.Unit.Application.Task.UpdateTaskTest" assertions="2" time="0.000847"/>
      </testsuite>
      <testsuite name="Tests\Unit\Application\User\RegisterUserTest" file="tests/Unit/Application/User/RegisterUserTest.php" tests="11" assertions="22" errors="0" failures="0" skipped="0" time="0.022494">
        <testcase name="it registers a new user with hashed password and clock timestamps" file="tests/Unit/Application/User/RegisterUserTest.php::it registers a new user with hashed password and clock timestamps" class="Tests\Unit\Application\User\RegisterUserTest" classname="Tests.Unit.Application.User.RegisterUserTest" assertions="8" time="0.013641"/>
        <testcase name="it rejects duplicate email" file="tests/Unit/Application/User/RegisterUserTest.php::it rejects duplicate email" class="Tests\Unit\Application\User\RegisterUserTest" classname="Tests.Unit.Application.User.RegisterUserTest" assertions="1" time="0.001149"/>
        <testcase name="it rejects weak password (less than 8 chars)" file="tests/Unit/Application/User/RegisterUserTest.php::it rejects weak password (less than 8 chars)" class="Tests\Unit\Application\User\RegisterUserTest" classname="Tests.Unit.Application.User.RegisterUserTest" assertions="1" time="0.000980"/>
        <testcase name="it rejects invalid email via domain entity validation" file="tests/Unit/Application/User/RegisterUserTest.php::it rejects invalid email via domain entity validation" class="Tests\Unit\Application\User\RegisterUserTest" classname="Tests.Unit.Application.User.RegisterUserTest" assertions="2" time="0.000706"/>
        <testcase name="it rejects empty name via domain entity validation" file="tests/Unit/Application/User/RegisterUserTest.php::it rejects empty name via domain entity validation" class="Tests\Unit\Application\User\RegisterUserTest" classname="Tests.Unit.Application.User.RegisterUserTest" assertions="2" time="0.000621"/>
        <testcase name="it accepts a password of exactly the minimum length" file="tests/Unit/Application/User/RegisterUserTest.php::it accepts a password of exactly the minimum length" class="Tests\Unit\Application\User\RegisterUserTest" classname="Tests.Unit.Application.User.RegisterUserTest" assertions="1" time="0.000637"/>
        <testcase name="it does not hash the password when name or email are invalid" file="tests/Unit/Application/User/RegisterUserTest.php::it does not hash the password when name or email are invalid" class="Tests\Unit\Application\User\RegisterUserTest" classname="Tests.Unit.Application.User.RegisterUserTest" assertions="1" time="0.000611"/>
        <testcase name="it stores email in lowercase regardless of input case" file="tests/Unit/Application/User/RegisterUserTest.php::it stores email in lowercase regardless of input case" class="Tests\Unit\Application\User\RegisterUserTest" classname="Tests.Unit.Application.User.RegisterUserTest" assertions="2" time="0.000824"/>
        <testcase name="it detects duplicate email case-insensitively" file="tests/Unit/Application/User/RegisterUserTest.php::it detects duplicate email case-insensitively" class="Tests\Unit\Application\User\RegisterUserTest" classname="Tests.Unit.Application.User.RegisterUserTest" assertions="1" time="0.000810"/>
        <testcase name="it trims surrounding whitespace from email" file="tests/Unit/Application/User/RegisterUserTest.php::it trims surrounding whitespace from email" class="Tests\Unit\Application\User\RegisterUserTest" classname="Tests.Unit.Application.User.RegisterUserTest" assertions="1" time="0.001334"/>
        <testcase name="it assigns sequential ids on multiple registrations" file="tests/Unit/Application/User/RegisterUserTest.php::it assigns sequential ids on multiple registrations" class="Tests\Unit\Application\User\RegisterUserTest" classname="Tests.Unit.Application.User.RegisterUserTest" assertions="2" time="0.001180"/>
      </testsuite>
      <testsuite name="Tests\Unit\Domain\CommentTest" file="tests/Unit/Domain/CommentTest.php" tests="7" assertions="17" errors="0" failures="0" skipped="0" time="0.023229">
        <testcase name="it creates a comment with valid data" file="tests/Unit/Domain/CommentTest.php::it creates a comment with valid data" class="Tests\Unit\Domain\CommentTest" classname="Tests.Unit.Domain.CommentTest" assertions="5" time="0.017999"/>
        <testcase name="it rejects zero task id" file="tests/Unit/Domain/CommentTest.php::it rejects zero task id" class="Tests\Unit\Domain\CommentTest" classname="Tests.Unit.Domain.CommentTest" assertions="2" time="0.001435"/>
        <testcase name="it rejects negative task id" file="tests/Unit/Domain/CommentTest.php::it rejects negative task id" class="Tests\Unit\Domain\CommentTest" classname="Tests.Unit.Domain.CommentTest" assertions="2" time="0.000756"/>
        <testcase name="it rejects zero author id" file="tests/Unit/Domain/CommentTest.php::it rejects zero author id" class="Tests\Unit\Domain\CommentTest" classname="Tests.Unit.Domain.CommentTest" assertions="2" time="0.000864"/>
        <testcase name="it rejects negative author id" file="tests/Unit/Domain/CommentTest.php::it rejects negative author id" class="Tests\Unit\Domain\CommentTest" classname="Tests.Unit.Domain.CommentTest" assertions="2" time="0.000829"/>
        <testcase name="it rejects empty body" file="tests/Unit/Domain/CommentTest.php::it rejects empty body" class="Tests\Unit\Domain\CommentTest" classname="Tests.Unit.Domain.CommentTest" assertions="2" time="0.000699"/>
        <testcase name="it rejects whitespace-only body" file="tests/Unit/Domain/CommentTest.php::it rejects whitespace-only body" class="Tests\Unit\Domain\CommentTest" classname="Tests.Unit.Domain.CommentTest" assertions="2" time="0.000647"/>
      </testsuite>
      <testsuite name="Tests\Unit\Domain\DueDateTest" file="tests/Unit/Domain/DueDateTest.php" tests="7" assertions="7" errors="0" failures="0" skipped="0" time="0.017365">
        <testcase name="it wraps a DateTimeImmutable" file="tests/Unit/Domain/DueDateTest.php::it wraps a DateTimeImmutable" class="Tests\Unit\Domain\DueDateTest" classname="Tests.Unit.Domain.DueDateTest" assertions="1" time="0.011912"/>
        <testcase name="it reports overdue when now is strictly after the due date" file="tests/Unit/Domain/DueDateTest.php::it reports overdue when now is strictly after the due date" class="Tests\Unit\Domain\DueDateTest" classname="Tests.Unit.Domain.DueDateTest" assertions="1" time="0.001317"/>
        <testcase name="it reports not overdue when now is exactly the due date" file="tests/Unit/Domain/DueDateTest.php::it reports not overdue when now is exactly the due date" class="Tests\Unit\Domain\DueDateTest" classname="Tests.Unit.Domain.DueDateTest" assertions="1" time="0.000829"/>
        <testcase name="it reports not overdue when now is before the due date" file="tests/Unit/Domain/DueDateTest.php::it reports not overdue when now is before the due date" class="Tests\Unit\Domain\DueDateTest" classname="Tests.Unit.Domain.DueDateTest" assertions="1" time="0.000649"/>
        <testcase name="it two DueDates with the same instant are equal" file="tests/Unit/Domain/DueDateTest.php::it two DueDates with the same instant are equal" class="Tests\Unit\Domain\DueDateTest" classname="Tests.Unit.Domain.DueDateTest" assertions="1" time="0.000728"/>
        <testcase name="it two DueDates with different instants are not equal" file="tests/Unit/Domain/DueDateTest.php::it two DueDates with different instants are not equal" class="Tests\Unit\Domain\DueDateTest" classname="Tests.Unit.Domain.DueDateTest" assertions="1" time="0.000861"/>
        <testcase name="it two DueDates representing the same instant in different timezones are equal" file="tests/Unit/Domain/DueDateTest.php::it two DueDates representing the same instant in different timezones are equal" class="Tests\Unit\Domain\DueDateTest" classname="Tests.Unit.Domain.DueDateTest" assertions="1" time="0.001068"/>
      </testsuite>
      <testsuite name="Tests\Unit\Domain\PriorityTest" file="tests/Unit/Domain/PriorityTest.php" tests="3" assertions="7" errors="0" failures="0" skipped="0" time="0.012531">
        <testcase name="it exposes the three MVP priority cases as backed string enum" file="tests/Unit/Domain/PriorityTest.php::it exposes the three MVP priority cases as backed string enum" class="Tests\Unit\Domain\PriorityTest" classname="Tests.Unit.Domain.PriorityTest" assertions="3" time="0.011218"/>
        <testcase name="it builds from string" file="tests/Unit/Domain/PriorityTest.php::it builds from string" class="Tests\Unit\Domain\PriorityTest" classname="Tests.Unit.Domain.PriorityTest" assertions="3" time="0.000687"/>
        <testcase name="it rejects unknown string" file="tests/Unit/Domain/PriorityTest.php::it rejects unknown string" class="Tests\Unit\Domain\PriorityTest" classname="Tests.Unit.Domain.PriorityTest" assertions="1" time="0.000626"/>
      </testsuite>
      <testsuite name="Tests\Unit\Domain\ProjectMemberTest" file="tests/Unit/Domain/ProjectMemberTest.php" tests="5" assertions="12" errors="0" failures="0" skipped="0" time="0.014267">
        <testcase name="it creates a project member with valid data" file="tests/Unit/Domain/ProjectMemberTest.php::it creates a project member with valid data" class="Tests\Unit\Domain\ProjectMemberTest" classname="Tests.Unit.Domain.ProjectMemberTest" assertions="4" time="0.006148"/>
        <testcase name="it rejects zero project id" file="tests/Unit/Domain/ProjectMemberTest.php::it rejects zero project id" class="Tests\Unit\Domain\ProjectMemberTest" classname="Tests.Unit.Domain.ProjectMemberTest" assertions="2" time="0.001952"/>
        <testcase name="it rejects negative project id" file="tests/Unit/Domain/ProjectMemberTest.php::it rejects negative project id" class="Tests\Unit\Domain\ProjectMemberTest" classname="Tests.Unit.Domain.ProjectMemberTest" assertions="2" time="0.002947"/>
        <testcase name="it rejects zero user id" file="tests/Unit/Domain/ProjectMemberTest.php::it rejects zero user id" class="Tests\Unit\Domain\ProjectMemberTest" classname="Tests.Unit.Domain.ProjectMemberTest" assertions="2" time="0.002191"/>
        <testcase name="it rejects negative user id" file="tests/Unit/Domain/ProjectMemberTest.php::it rejects negative user id" class="Tests\Unit\Domain\ProjectMemberTest" classname="Tests.Unit.Domain.ProjectMemberTest" assertions="2" time="0.001028"/>
      </testsuite>
      <testsuite name="Tests\Unit\Domain\ProjectTest" file="tests/Unit/Domain/ProjectTest.php" tests="12" assertions="35" errors="0" failures="0" skipped="0" time="0.017444">
        <testcase name="it creates a project with valid data" file="tests/Unit/Domain/ProjectTest.php::it creates a project with valid data" class="Tests\Unit\Domain\ProjectTest" classname="Tests.Unit.Domain.ProjectTest" assertions="6" time="0.009521"/>
        <testcase name="it allows empty description" file="tests/Unit/Domain/ProjectTest.php::it allows empty description" class="Tests\Unit\Domain\ProjectTest" classname="Tests.Unit.Domain.ProjectTest" assertions="1" time="0.000867"/>
        <testcase name="it rejects empty name" file="tests/Unit/Domain/ProjectTest.php::it rejects empty name" class="Tests\Unit\Domain\ProjectTest" classname="Tests.Unit.Domain.ProjectTest" assertions="2" time="0.000907"/>
        <testcase name="it rejects whitespace-only name" file="tests/Unit/Domain/ProjectTest.php::it rejects whitespace-only name" class="Tests\Unit\Domain\ProjectTest" classname="Tests.Unit.Domain.ProjectTest" assertions="2" time="0.000659"/>
        <testcase name="it rejects zero owner id" file="tests/Unit/Domain/ProjectTest.php::it rejects zero owner id" class="Tests\Unit\Domain\ProjectTest" classname="Tests.Unit.Domain.ProjectTest" assertions="2" time="0.000611"/>
        <testcase name="it rejects negative owner id" file="tests/Unit/Domain/ProjectTest.php::it rejects negative owner id" class="Tests\Unit\Domain\ProjectTest" classname="Tests.Unit.Domain.ProjectTest" assertions="2" time="0.000587"/>
        <testcase name="it returns a new instance with updated name and bumps updatedAt" file="tests/Unit/Domain/ProjectTest.php::it returns a new instance with updated name and bumps updatedAt" class="Tests\Unit\Domain\ProjectTest" classname="Tests.Unit.Domain.ProjectTest" assertions="7" time="0.000795"/>
        <testcase name="it returns a new instance with updated description and bumps updatedAt" file="tests/Unit/Domain/ProjectTest.php::it returns a new instance with updated description and bumps updatedAt" class="Tests\Unit\Domain\ProjectTest" classname="Tests.Unit.Domain.ProjectTest" assertions="6" time="0.000790"/>
        <testcase name="it rejects empty name in withName" file="tests/Unit/Domain/ProjectTest.php::it rejects empty name in withName" class="Tests\Unit\Domain\ProjectTest" classname="Tests.Unit.Domain.ProjectTest" assertions="2" time="0.000653"/>
        <testcase name="it rejects updatedAt earlier than createdAt" file="tests/Unit/Domain/ProjectTest.php::it rejects updatedAt earlier than createdAt" class="Tests\Unit\Domain\ProjectTest" classname="Tests.Unit.Domain.ProjectTest" assertions="2" time="0.000675"/>
        <testcase name="it rejects updatedAt one microsecond earlier than createdAt" file="tests/Unit/Domain/ProjectTest.php::it rejects updatedAt one microsecond earlier than createdAt" class="Tests\Unit\Domain\ProjectTest" classname="Tests.Unit.Domain.ProjectTest" assertions="2" time="0.000691"/>
        <testcase name="it accepts same instant in different timezones for createdAt and updatedAt" file="tests/Unit/Domain/ProjectTest.php::it accepts same instant in different timezones for createdAt and updatedAt" class="Tests\Unit\Domain\ProjectTest" classname="Tests.Unit.Domain.ProjectTest" assertions="1" time="0.000689"/>
      </testsuite>
      <testsuite name="Tests\Unit\Domain\StatusTest" file="tests/Unit/Domain/StatusTest.php" tests="3" assertions="7" errors="0" failures="0" skipped="0" time="0.016296">
        <testcase name="it exposes the three MVP status cases as backed string enum" file="tests/Unit/Domain/StatusTest.php::it exposes the three MVP status cases as backed string enum" class="Tests\Unit\Domain\StatusTest" classname="Tests.Unit.Domain.StatusTest" assertions="3" time="0.015025"/>
        <testcase name="it builds from string" file="tests/Unit/Domain/StatusTest.php::it builds from string" class="Tests\Unit\Domain\StatusTest" classname="Tests.Unit.Domain.StatusTest" assertions="3" time="0.000637"/>
        <testcase name="it rejects unknown string" file="tests/Unit/Domain/StatusTest.php::it rejects unknown string" class="Tests\Unit\Domain\StatusTest" classname="Tests.Unit.Domain.StatusTest" assertions="1" time="0.000634"/>
      </testsuite>
      <testsuite name="Tests\Unit\Domain\TaskTest" file="tests/Unit/Domain/TaskTest.php" tests="19" assertions="48" errors="0" failures="0" skipped="0" time="0.027221">
        <testcase name="it creates a task with valid data" file="tests/Unit/Domain/TaskTest.php::it creates a task with valid data" class="Tests\Unit\Domain\TaskTest" classname="Tests.Unit.Domain.TaskTest" assertions="11" time="0.008855"/>
        <testcase name="it allows null assignee and null due date" file="tests/Unit/Domain/TaskTest.php::it allows null assignee and null due date" class="Tests\Unit\Domain\TaskTest" classname="Tests.Unit.Domain.TaskTest" assertions="2" time="0.000768"/>
        <testcase name="it rejects zero project id" file="tests/Unit/Domain/TaskTest.php::it rejects zero project id" class="Tests\Unit\Domain\TaskTest" classname="Tests.Unit.Domain.TaskTest" assertions="2" time="0.000860"/>
        <testcase name="it rejects zero creator id" file="tests/Unit/Domain/TaskTest.php::it rejects zero creator id" class="Tests\Unit\Domain\TaskTest" classname="Tests.Unit.Domain.TaskTest" assertions="2" time="0.001473"/>
        <testcase name="it rejects updatedAt earlier than createdAt" file="tests/Unit/Domain/TaskTest.php::it rejects updatedAt earlier than createdAt" class="Tests\Unit\Domain\TaskTest" classname="Tests.Unit.Domain.TaskTest" assertions="2" time="0.001916"/>
        <testcase name="it rejects updatedAt one microsecond earlier than createdAt" file="tests/Unit/Domain/TaskTest.php::it rejects updatedAt one microsecond earlier than createdAt" class="Tests\Unit\Domain\TaskTest" classname="Tests.Unit.Domain.TaskTest" assertions="2" time="0.001392"/>
        <testcase name="it accepts same instant in different timezones for createdAt and updatedAt" file="tests/Unit/Domain/TaskTest.php::it accepts same instant in different timezones for createdAt and updatedAt" class="Tests\Unit\Domain\TaskTest" classname="Tests.Unit.Domain.TaskTest" assertions="1" time="0.001128"/>
        <testcase name="it rejects zero assignee id" file="tests/Unit/Domain/TaskTest.php::it rejects zero assignee id" class="Tests\Unit\Domain\TaskTest" classname="Tests.Unit.Domain.TaskTest" assertions="2" time="0.001379"/>
        <testcase name="it rejects negative assignee id" file="tests/Unit/Domain/TaskTest.php::it rejects negative assignee id" class="Tests\Unit\Domain\TaskTest" classname="Tests.Unit.Domain.TaskTest" assertions="2" time="0.001741"/>
        <testcase name="it rejects empty title" file="tests/Unit/Domain/TaskTest.php::it rejects empty title" class="Tests\Unit\Domain\TaskTest" classname="Tests.Unit.Domain.TaskTest" assertions="2" time="0.000904"/>
        <testcase name="it rejects whitespace-only title" file="tests/Unit/Domain/TaskTest.php::it rejects whitespace-only title" class="Tests\Unit\Domain\TaskTest" classname="Tests.Unit.Domain.TaskTest" assertions="2" time="0.000782"/>
        <testcase name="it returns a new instance with updated title and bumps updatedAt" file="tests/Unit/Domain/TaskTest.php::it returns a new instance with updated title and bumps updatedAt" class="Tests\Unit\Domain\TaskTest" classname="Tests.Unit.Domain.TaskTest" assertions="5" time="0.000952"/>
        <testcase name="it rejects empty title in withTitle" file="tests/Unit/Domain/TaskTest.php::it rejects empty title in withTitle" class="Tests\Unit\Domain\TaskTest" classname="Tests.Unit.Domain.TaskTest" assertions="2" time="0.000771"/>
        <testcase name="it returns a new instance with updated description" file="tests/Unit/Domain/TaskTest.php::it returns a new instance with updated description" class="Tests\Unit\Domain\TaskTest" classname="Tests.Unit.Domain.TaskTest" assertions="2" time="0.000717"/>
        <testcase name="it returns a new instance with updated status" file="tests/Unit/Domain/TaskTest.php::it returns a new instance with updated status" class="Tests\Unit\Domain\TaskTest" classname="Tests.Unit.Domain.TaskTest" assertions="2" time="0.000694"/>
        <testcase name="it returns a new instance with updated priority" file="tests/Unit/Domain/TaskTest.php::it returns a new instance with updated priority" class="Tests\Unit\Domain\TaskTest" classname="Tests.Unit.Domain.TaskTest" assertions="1" time="0.000694"/>
        <testcase name="it returns a new instance with assignee set and unset" file="tests/Unit/Domain/TaskTest.php::it returns a new instance with assignee set and unset" class="Tests\Unit\Domain\TaskTest" classname="Tests.Unit.Domain.TaskTest" assertions="2" time="0.000715"/>
        <testcase name="it rejects zero assignee in withAssignee" file="tests/Unit/Domain/TaskTest.php::it rejects zero assignee in withAssignee" class="Tests\Unit\Domain\TaskTest" classname="Tests.Unit.Domain.TaskTest" assertions="2" time="0.000737"/>
        <testcase name="it returns a new instance with due date set and unset" file="tests/Unit/Domain/TaskTest.php::it returns a new instance with due date set and unset" class="Tests\Unit\Domain\TaskTest" classname="Tests.Unit.Domain.TaskTest" assertions="2" time="0.000743"/>
      </testsuite>
      <testsuite name="Tests\Unit\Domain\UserTest" file="tests/Unit/Domain/UserTest.php" tests="15" assertions="45" errors="0" failures="0" skipped="0" time="0.038740">
        <testcase name="it creates a user with valid data" file="tests/Unit/Domain/UserTest.php::it creates a user with valid data" class="Tests\Unit\Domain\UserTest" classname="Tests.Unit.Domain.UserTest" assertions="6" time="0.021444"/>
        <testcase name="it rejects whitespace-only name" file="tests/Unit/Domain/UserTest.php::it rejects whitespace-only name" class="Tests\Unit\Domain\UserTest" classname="Tests.Unit.Domain.UserTest" assertions="2" time="0.001144"/>
        <testcase name="it rejects whitespace-only password hash" file="tests/Unit/Domain/UserTest.php::it rejects whitespace-only password hash" class="Tests\Unit\Domain\UserTest" classname="Tests.Unit.Domain.UserTest" assertions="2" time="0.001099"/>
        <testcase name="it rejects empty name" file="tests/Unit/Domain/UserTest.php::it rejects empty name" class="Tests\Unit\Domain\UserTest" classname="Tests.Unit.Domain.UserTest" assertions="2" time="0.000838"/>
        <testcase name="it rejects invalid email" file="tests/Unit/Domain/UserTest.php::it rejects invalid email" class="Tests\Unit\Domain\UserTest" classname="Tests.Unit.Domain.UserTest" assertions="2" time="0.000821"/>
        <testcase name="it rejects empty password hash" file="tests/Unit/Domain/UserTest.php::it rejects empty password hash" class="Tests\Unit\Domain\UserTest" classname="Tests.Unit.Domain.UserTest" assertions="2" time="0.000861"/>
        <testcase name="it returns a new instance with updated name and bumps updatedAt" file="tests/Unit/Domain/UserTest.php::it returns a new instance with updated name and bumps updatedAt" class="Tests\Unit\Domain\UserTest" classname="Tests.Unit.Domain.UserTest" assertions="6" time="0.000873"/>
        <testcase name="it returns a new instance with updated email and bumps updatedAt" file="tests/Unit/Domain/UserTest.php::it returns a new instance with updated email and bumps updatedAt" class="Tests\Unit\Domain\UserTest" classname="Tests.Unit.Domain.UserTest" assertions="6" time="0.001182"/>
        <testcase name="it rejects invalid email in withEmail" file="tests/Unit/Domain/UserTest.php::it rejects invalid email in withEmail" class="Tests\Unit\Domain\UserTest" classname="Tests.Unit.Domain.UserTest" assertions="2" time="0.001690"/>
        <testcase name="it returns a new instance with updated password hash and bumps updatedAt" file="tests/Unit/Domain/UserTest.php::it returns a new instance with updated password hash and bumps updatedAt" class="Tests\Unit\Domain\UserTest" classname="Tests.Unit.Domain.UserTest" assertions="6" time="0.001910"/>
        <testcase name="it rejects empty name in withName" file="tests/Unit/Domain/UserTest.php::it rejects empty name in withName" class="Tests\Unit\Domain\UserTest" classname="Tests.Unit.Domain.UserTest" assertions="2" time="0.001062"/>
        <testcase name="it rejects updatedAt earlier than createdAt" file="tests/Unit/Domain/UserTest.php::it rejects updatedAt earlier than createdAt" class="Tests\Unit\Domain\UserTest" classname="Tests.Unit.Domain.UserTest" assertions="2" time="0.001066"/>
        <testcase name="it rejects updatedAt one microsecond earlier than createdAt" file="tests/Unit/Domain/UserTest.php::it rejects updatedAt one microsecond earlier than createdAt" class="Tests\Unit\Domain\UserTest" classname="Tests.Unit.Domain.UserTest" assertions="2" time="0.001009"/>
        <testcase name="it accepts same instant in different timezones for createdAt and updatedAt" file="tests/Unit/Domain/UserTest.php::it accepts same instant in different timezones for createdAt and updatedAt" class="Tests\Unit\Domain\UserTest" classname="Tests.Unit.Domain.UserTest" assertions="1" time="0.001378"/>
        <testcase name="it rejects empty password hash in withPasswordHash" file="tests/Unit/Domain/UserTest.php::it rejects empty password hash in withPasswordHash" class="Tests\Unit\Domain\UserTest" classname="Tests.Unit.Domain.UserTest" assertions="2" time="0.002363"/>
      </testsuite>
      <testsuite name="Tests\Unit\ExampleTest" file="tests/Unit/ExampleTest.php" tests="1" assertions="1" errors="0" failures="0" skipped="0" time="0.018060">
        <testcase name="it runs a basic unit test" file="tests/Unit/ExampleTest.php::it runs a basic unit test" class="Tests\Unit\ExampleTest" classname="Tests.Unit.ExampleTest" assertions="1" time="0.018060"/>
      </testsuite>
    </testsuite>
    <testsuite name="Feature" tests="161" assertions="482" errors="0" failures="0" skipped="0" time="7.928021">
      <testsuite name="Tests\Feature\Database\FactoriesTest" file="tests/Feature/Database/FactoriesTest.php" tests="8" assertions="31" errors="0" failures="0" skipped="0" time="0.837934">
        <testcase name="it creates a valid user via factory" file="tests/Feature/Database/FactoriesTest.php::it creates a valid user via factory" class="Tests\Feature\Database\FactoriesTest" classname="Tests.Feature.Database.FactoriesTest" assertions="4" time="0.472894"/>
        <testcase name="it creates multiple users via factory with unique emails" file="tests/Feature/Database/FactoriesTest.php::it creates multiple users via factory with unique emails" class="Tests\Feature\Database\FactoriesTest" classname="Tests.Feature.Database.FactoriesTest" assertions="2" time="0.034422"/>
        <testcase name="it creates a valid project via factory with auto-created owner" file="tests/Feature/Database/FactoriesTest.php::it creates a valid project via factory with auto-created owner" class="Tests\Feature\Database\FactoriesTest" classname="Tests.Feature.Database.FactoriesTest" assertions="3" time="0.035410"/>
        <testcase name="it creates a valid project member via factory" file="tests/Feature/Database/FactoriesTest.php::it creates a valid project member via factory" class="Tests\Feature\Database\FactoriesTest" classname="Tests.Feature.Database.FactoriesTest" assertions="3" time="0.047616"/>
        <testcase name="it creates a valid task via factory with auto-created project and creator" file="tests/Feature/Database/FactoriesTest.php::it creates a valid task via factory with auto-created project and creator" class="Tests\Feature\Database\FactoriesTest" classname="Tests.Feature.Database.FactoriesTest" assertions="5" time="0.042903"/>
        <testcase name="it creates a valid comment via factory with auto-created task and author" file="tests/Feature/Database/FactoriesTest.php::it creates a valid comment via factory with auto-created task and author" class="Tests\Feature\Database\FactoriesTest" classname="Tests.Feature.Database.FactoriesTest" assertions="4" time="0.044765"/>
        <testcase name="it runs the DatabaseSeeder and populates expected users, project, members, tasks and comments" file="tests/Feature/Database/FactoriesTest.php::it runs the DatabaseSeeder and populates expected users, project, members, tasks and comments" class="Tests\Feature\Database\FactoriesTest" classname="Tests.Feature.Database.FactoriesTest" assertions="5" time="0.070283"/>
        <testcase name="it DatabaseSeeder is idempotent" file="tests/Feature/Database/FactoriesTest.php::it DatabaseSeeder is idempotent" class="Tests\Feature\Database\FactoriesTest" classname="Tests.Feature.Database.FactoriesTest" assertions="5" time="0.089642"/>
      </testsuite>
      <testsuite name="Tests\Feature\Database\MigrationsTest" file="tests/Feature/Database/MigrationsTest.php" tests="15" assertions="25" errors="0" failures="0" skipped="0" time="0.518524">
        <testcase name="it creates all five domain tables" file="tests/Feature/Database/MigrationsTest.php::it creates all five domain tables" class="Tests\Feature\Database\MigrationsTest" classname="Tests.Feature.Database.MigrationsTest" assertions="5" time="0.059528"/>
        <testcase name="it users table has domain-aligned columns only" file="tests/Feature/Database/MigrationsTest.php::it users table has domain-aligned columns only" class="Tests\Feature\Database\MigrationsTest" classname="Tests.Feature.Database.MigrationsTest" assertions="4" time="0.048034"/>
        <testcase name="it drops the password_reset_tokens table (not in MVP)" file="tests/Feature/Database/MigrationsTest.php::it drops the password_reset_tokens table (not in MVP)" class="Tests\Feature\Database\MigrationsTest" classname="Tests.Feature.Database.MigrationsTest" assertions="1" time="0.032006"/>
        <testcase name="it projects table has expected columns" file="tests/Feature/Database/MigrationsTest.php::it projects table has expected columns" class="Tests\Feature\Database\MigrationsTest" classname="Tests.Feature.Database.MigrationsTest" assertions="1" time="0.040433"/>
        <testcase name="it project_members table has expected columns" file="tests/Feature/Database/MigrationsTest.php::it project_members table has expected columns" class="Tests\Feature\Database\MigrationsTest" classname="Tests.Feature.Database.MigrationsTest" assertions="1" time="0.032175"/>
        <testcase name="it tasks table has expected columns" file="tests/Feature/Database/MigrationsTest.php::it tasks table has expected columns" class="Tests\Feature\Database\MigrationsTest" classname="Tests.Feature.Database.MigrationsTest" assertions="1" time="0.041020"/>
        <testcase name="it comments table has expected columns and no updated_at" file="tests/Feature/Database/MigrationsTest.php::it comments table has expected columns and no updated_at" class="Tests\Feature\Database\MigrationsTest" classname="Tests.Feature.Database.MigrationsTest" assertions="2" time="0.038340"/>
        <testcase name="it enforces unique email on users" file="tests/Feature/Database/MigrationsTest.php::it enforces unique email on users" class="Tests\Feature\Database\MigrationsTest" classname="Tests.Feature.Database.MigrationsTest" assertions="1" time="0.028426"/>
        <testcase name="it enforces unique (project_id, user_id) on project_members" file="tests/Feature/Database/MigrationsTest.php::it enforces unique (project_id, user_id) on project_members" class="Tests\Feature\Database\MigrationsTest" classname="Tests.Feature.Database.MigrationsTest" assertions="1" time="0.030456"/>
        <testcase name="it rejects task insert with unknown project_id (foreign key enforced)" file="tests/Feature/Database/MigrationsTest.php::it rejects task insert with unknown project_id (foreign key enforced)" class="Tests\Feature\Database\MigrationsTest" classname="Tests.Feature.Database.MigrationsTest" assertions="1" time="0.027431"/>
        <testcase name="it cascades deletion from projects to project_members and tasks and comments" file="tests/Feature/Database/MigrationsTest.php::it cascades deletion from projects to project_members and tasks and comments" class="Tests\Feature\Database\MigrationsTest" classname="Tests.Feature.Database.MigrationsTest" assertions="3" time="0.034063"/>
        <testcase name="it sets tasks.assignee_id to null when the assigned user is deleted" file="tests/Feature/Database/MigrationsTest.php::it sets tasks.assignee_id to null when the assigned user is deleted" class="Tests\Feature\Database\MigrationsTest" classname="Tests.Feature.Database.MigrationsTest" assertions="1" time="0.030374"/>
        <testcase name="it rejects task insert with invalid status" file="tests/Feature/Database/MigrationsTest.php::it rejects task insert with invalid status" class="Tests\Feature\Database\MigrationsTest" classname="Tests.Feature.Database.MigrationsTest" assertions="1" time="0.025301"/>
        <testcase name="it rejects task insert with invalid priority" file="tests/Feature/Database/MigrationsTest.php::it rejects task insert with invalid priority" class="Tests\Feature\Database\MigrationsTest" classname="Tests.Feature.Database.MigrationsTest" assertions="1" time="0.025088"/>
        <testcase name="it prevents deleting a user who owns a project (RESTRICT)" file="tests/Feature/Database/MigrationsTest.php::it prevents deleting a user who owns a project (RESTRICT)" class="Tests\Feature\Database\MigrationsTest" classname="Tests.Feature.Database.MigrationsTest" assertions="1" time="0.025850"/>
      </testsuite>
      <testsuite name="Tests\Feature\ExampleTest" file="tests/Feature/ExampleTest.php" tests="1" assertions="1" errors="0" failures="0" skipped="0" time="0.086061">
        <testcase name="it returns a successful response from the home page" file="tests/Feature/ExampleTest.php::it returns a successful response from the home page" class="Tests\Feature\ExampleTest" classname="Tests.Feature.ExampleTest" assertions="1" time="0.086061"/>
      </testsuite>
      <testsuite name="Tests\Feature\Http\Middleware\EnsureAuthenticatedTest" file="tests/Feature/Http/Middleware/EnsureAuthenticatedTest.php" tests="3" assertions="6" errors="0" failures="0" skipped="0" time="0.102159">
        <testcase name="it redirects guests to the login page" file="tests/Feature/Http/Middleware/EnsureAuthenticatedTest.php::it redirects guests to the login page" class="Tests\Feature\Http\Middleware\EnsureAuthenticatedTest" classname="Tests.Feature.Http.Middleware.EnsureAuthenticatedTest" assertions="3" time="0.033986"/>
        <testcase name="it passes through authenticated requests" file="tests/Feature/Http/Middleware/EnsureAuthenticatedTest.php::it passes through authenticated requests" class="Tests\Feature\Http\Middleware\EnsureAuthenticatedTest" classname="Tests.Feature.Http.Middleware.EnsureAuthenticatedTest" assertions="2" time="0.039478"/>
        <testcase name="it remembers the intended URL for redirect-after-login" file="tests/Feature/Http/Middleware/EnsureAuthenticatedTest.php::it remembers the intended URL for redirect-after-login" class="Tests\Feature\Http\Middleware\EnsureAuthenticatedTest" classname="Tests.Feature.Http.Middleware.EnsureAuthenticatedTest" assertions="1" time="0.028695"/>
      </testsuite>
      <testsuite name="Tests\Feature\Infrastructure\ClockTest" file="tests/Feature/Infrastructure/ClockTest.php" tests="1" assertions="3" errors="0" failures="0" skipped="0" time="0.027678">
        <testcase name="it SystemClock::now returns a DateTimeImmutable close to current time" file="tests/Feature/Infrastructure/ClockTest.php::it SystemClock::now returns a DateTimeImmutable close to current time" class="Tests\Feature\Infrastructure\ClockTest" classname="Tests.Feature.Infrastructure.ClockTest" assertions="3" time="0.027678"/>
      </testsuite>
      <testsuite name="Tests\Feature\Infrastructure\LaravelPasswordHasherTest" file="tests/Feature/Infrastructure/LaravelPasswordHasherTest.php" tests="3" assertions="5" errors="0" failures="0" skipped="0" time="0.083704">
        <testcase name="it hashes a password producing a non-empty distinct string" file="tests/Feature/Infrastructure/LaravelPasswordHasherTest.php::it hashes a password producing a non-empty distinct string" class="Tests\Feature\Infrastructure\LaravelPasswordHasherTest" classname="Tests.Feature.Infrastructure.LaravelPasswordHasherTest" assertions="3" time="0.030987"/>
        <testcase name="it verifies a password against its own hash" file="tests/Feature/Infrastructure/LaravelPasswordHasherTest.php::it verifies a password against its own hash" class="Tests\Feature\Infrastructure\LaravelPasswordHasherTest" classname="Tests.Feature.Infrastructure.LaravelPasswordHasherTest" assertions="1" time="0.024728"/>
        <testcase name="it rejects verify with a wrong password" file="tests/Feature/Infrastructure/LaravelPasswordHasherTest.php::it rejects verify with a wrong password" class="Tests\Feature\Infrastructure\LaravelPasswordHasherTest" classname="Tests.Feature.Infrastructure.LaravelPasswordHasherTest" assertions="1" time="0.027989"/>
      </testsuite>
      <testsuite name="Tests\Feature\Infrastructure\LaravelSessionGuardTest" file="tests/Feature/Infrastructure/LaravelSessionGuardTest.php" tests="4" assertions="5" errors="0" failures="0" skipped="0" time="0.114232">
        <testcase name="it currentUserId returns null when no one is logged in" file="tests/Feature/Infrastructure/LaravelSessionGuardTest.php::it currentUserId returns null when no one is logged in" class="Tests\Feature\Infrastructure\LaravelSessionGuardTest" classname="Tests.Feature.Infrastructure.LaravelSessionGuardTest" assertions="1" time="0.035342"/>
        <testcase name="it login stores the user id and currentUserId reads it back" file="tests/Feature/Infrastructure/LaravelSessionGuardTest.php::it login stores the user id and currentUserId reads it back" class="Tests\Feature\Infrastructure\LaravelSessionGuardTest" classname="Tests.Feature.Infrastructure.LaravelSessionGuardTest" assertions="1" time="0.027463"/>
        <testcase name="it logout clears the stored user id" file="tests/Feature/Infrastructure/LaravelSessionGuardTest.php::it logout clears the stored user id" class="Tests\Feature\Infrastructure\LaravelSessionGuardTest" classname="Tests.Feature.Infrastructure.LaravelSessionGuardTest" assertions="1" time="0.024811"/>
        <testcase name="it login migrates the session id to defend against session fixation" file="tests/Feature/Infrastructure/LaravelSessionGuardTest.php::it login migrates the session id to defend against session fixation" class="Tests\Feature\Infrastructure\LaravelSessionGuardTest" classname="Tests.Feature.Infrastructure.LaravelSessionGuardTest" assertions="2" time="0.026617"/>
      </testsuite>
      <testsuite name="Tests\Feature\Infrastructure\Persistence\EloquentCommentRepositoryTest" file="tests/Feature/Infrastructure/Persistence/EloquentCommentRepositoryTest.php" tests="6" assertions="17" errors="0" failures="0" skipped="0" time="0.255121">
        <testcase name="it saves a new comment and returns entity with assigned id" file="tests/Feature/Infrastructure/Persistence/EloquentCommentRepositoryTest.php::it saves a new comment and returns entity with assigned id" class="Tests\Feature\Infrastructure\Persistence\EloquentCommentRepositoryTest" classname="Tests.Feature.Infrastructure.Persistence.EloquentCommentRepositoryTest" assertions="5" time="0.049299"/>
        <testcase name="it preserves all mapped fields on round-trip" file="tests/Feature/Infrastructure/Persistence/EloquentCommentRepositoryTest.php::it preserves all mapped fields on round-trip" class="Tests\Feature\Infrastructure\Persistence\EloquentCommentRepositoryTest" classname="Tests.Feature.Infrastructure.Persistence.EloquentCommentRepositoryTest" assertions="6" time="0.041194"/>
        <testcase name="it listByTask returns comments for the task ordered by id" file="tests/Feature/Infrastructure/Persistence/EloquentCommentRepositoryTest.php::it listByTask returns comments for the task ordered by id" class="Tests\Feature\Infrastructure\Persistence\EloquentCommentRepositoryTest" classname="Tests.Feature.Infrastructure.Persistence.EloquentCommentRepositoryTest" assertions="1" time="0.046659"/>
        <testcase name="it listByTask returns empty list for unknown task" file="tests/Feature/Infrastructure/Persistence/EloquentCommentRepositoryTest.php::it listByTask returns empty list for unknown task" class="Tests\Feature\Infrastructure\Persistence\EloquentCommentRepositoryTest" classname="Tests.Feature.Infrastructure.Persistence.EloquentCommentRepositoryTest" assertions="1" time="0.025930"/>
        <testcase name="it listByTask does not return comments from other tasks" file="tests/Feature/Infrastructure/Persistence/EloquentCommentRepositoryTest.php::it listByTask does not return comments from other tasks" class="Tests\Feature\Infrastructure\Persistence\EloquentCommentRepositoryTest" classname="Tests.Feature.Infrastructure.Persistence.EloquentCommentRepositoryTest" assertions="2" time="0.041192"/>
        <testcase name="it throws when saving a comment with a positive id that does not exist" file="tests/Feature/Infrastructure/Persistence/EloquentCommentRepositoryTest.php::it throws when saving a comment with a positive id that does not exist" class="Tests\Feature\Infrastructure\Persistence\EloquentCommentRepositoryTest" classname="Tests.Feature.Infrastructure.Persistence.EloquentCommentRepositoryTest" assertions="2" time="0.050848"/>
      </testsuite>
      <testsuite name="Tests\Feature\Infrastructure\Persistence\EloquentModelsTest" file="tests/Feature/Infrastructure/Persistence/EloquentModelsTest.php" tests="5" assertions="17" errors="0" failures="0" skipped="0" time="0.216401">
        <testcase name="it persists and retrieves a user row via UserModel" file="tests/Feature/Infrastructure/Persistence/EloquentModelsTest.php::it persists and retrieves a user row via UserModel" class="Tests\Feature\Infrastructure\Persistence\EloquentModelsTest" classname="Tests.Feature.Infrastructure.Persistence.EloquentModelsTest" assertions="5" time="0.058645"/>
        <testcase name="it persists and retrieves a project row via ProjectModel" file="tests/Feature/Infrastructure/Persistence/EloquentModelsTest.php::it persists and retrieves a project row via ProjectModel" class="Tests\Feature\Infrastructure\Persistence\EloquentModelsTest" classname="Tests.Feature.Infrastructure.Persistence.EloquentModelsTest" assertions="3" time="0.039394"/>
        <testcase name="it persists and retrieves a project_member row via ProjectMemberModel" file="tests/Feature/Infrastructure/Persistence/EloquentModelsTest.php::it persists and retrieves a project_member row via ProjectMemberModel" class="Tests\Feature\Infrastructure\Persistence\EloquentModelsTest" classname="Tests.Feature.Infrastructure.Persistence.EloquentModelsTest" assertions="3" time="0.038306"/>
        <testcase name="it persists and retrieves a task row via TaskModel with nullable assignee and due date" file="tests/Feature/Infrastructure/Persistence/EloquentModelsTest.php::it persists and retrieves a task row via TaskModel with nullable assignee and due date" class="Tests\Feature\Infrastructure\Persistence\EloquentModelsTest" classname="Tests.Feature.Infrastructure.Persistence.EloquentModelsTest" assertions="4" time="0.037411"/>
        <testcase name="it persists and retrieves a comment row via CommentModel (no updated_at)" file="tests/Feature/Infrastructure/Persistence/EloquentModelsTest.php::it persists and retrieves a comment row via CommentModel (no updated_at)" class="Tests\Feature\Infrastructure\Persistence\EloquentModelsTest" classname="Tests.Feature.Infrastructure.Persistence.EloquentModelsTest" assertions="2" time="0.042646"/>
      </testsuite>
      <testsuite name="Tests\Feature\Infrastructure\Persistence\EloquentProjectMemberRepositoryTest" file="tests/Feature/Infrastructure/Persistence/EloquentProjectMemberRepositoryTest.php" tests="7" assertions="17" errors="0" failures="0" skipped="0" time="0.231919">
        <testcase name="it saves a new member and returns entity with assigned id" file="tests/Feature/Infrastructure/Persistence/EloquentProjectMemberRepositoryTest.php::it saves a new member and returns entity with assigned id" class="Tests\Feature\Infrastructure\Persistence\EloquentProjectMemberRepositoryTest" classname="Tests.Feature.Infrastructure.Persistence.EloquentProjectMemberRepositoryTest" assertions="4" time="0.047728"/>
        <testcase name="it finds a member by project and user ids" file="tests/Feature/Infrastructure/Persistence/EloquentProjectMemberRepositoryTest.php::it finds a member by project and user ids" class="Tests\Feature\Infrastructure\Persistence\EloquentProjectMemberRepositoryTest" classname="Tests.Feature.Infrastructure.Persistence.EloquentProjectMemberRepositoryTest" assertions="3" time="0.036719"/>
        <testcase name="it returns null from findByProjectAndUser when no membership exists" file="tests/Feature/Infrastructure/Persistence/EloquentProjectMemberRepositoryTest.php::it returns null from findByProjectAndUser when no membership exists" class="Tests\Feature\Infrastructure\Persistence\EloquentProjectMemberRepositoryTest" classname="Tests.Feature.Infrastructure.Persistence.EloquentProjectMemberRepositoryTest" assertions="1" time="0.029511"/>
        <testcase name="it lists project ids for a user" file="tests/Feature/Infrastructure/Persistence/EloquentProjectMemberRepositoryTest.php::it lists project ids for a user" class="Tests\Feature\Infrastructure\Persistence\EloquentProjectMemberRepositoryTest" classname="Tests.Feature.Infrastructure.Persistence.EloquentProjectMemberRepositoryTest" assertions="1" time="0.030049"/>
        <testcase name="it returns empty list from projectIdsForUser when user has no memberships" file="tests/Feature/Infrastructure/Persistence/EloquentProjectMemberRepositoryTest.php::it returns empty list from projectIdsForUser when user has no memberships" class="Tests\Feature\Infrastructure\Persistence\EloquentProjectMemberRepositoryTest" classname="Tests.Feature.Infrastructure.Persistence.EloquentProjectMemberRepositoryTest" assertions="1" time="0.026223"/>
        <testcase name="it throws when saving a member with a positive id that does not exist" file="tests/Feature/Infrastructure/Persistence/EloquentProjectMemberRepositoryTest.php::it throws when saving a member with a positive id that does not exist" class="Tests\Feature\Infrastructure\Persistence\EloquentProjectMemberRepositoryTest" classname="Tests.Feature.Infrastructure.Persistence.EloquentProjectMemberRepositoryTest" assertions="2" time="0.029045"/>
        <testcase name="it preserves createdAt value and type on round-trip" file="tests/Feature/Infrastructure/Persistence/EloquentProjectMemberRepositoryTest.php::it preserves createdAt value and type on round-trip" class="Tests\Feature\Infrastructure\Persistence\EloquentProjectMemberRepositoryTest" classname="Tests.Feature.Infrastructure.Persistence.EloquentProjectMemberRepositoryTest" assertions="5" time="0.032645"/>
      </testsuite>
      <testsuite name="Tests\Feature\Infrastructure\Persistence\EloquentProjectRepositoryTest" file="tests/Feature/Infrastructure/Persistence/EloquentProjectRepositoryTest.php" tests="6" assertions="22" errors="0" failures="0" skipped="0" time="0.191700">
        <testcase name="it saves a new domain project and returns entity with assigned id" file="tests/Feature/Infrastructure/Persistence/EloquentProjectRepositoryTest.php::it saves a new domain project and returns entity with assigned id" class="Tests\Feature\Infrastructure\Persistence\EloquentProjectRepositoryTest" classname="Tests.Feature.Infrastructure.Persistence.EloquentProjectRepositoryTest" assertions="4" time="0.042672"/>
        <testcase name="it finds a project by id, returning a domain entity" file="tests/Feature/Infrastructure/Persistence/EloquentProjectRepositoryTest.php::it finds a project by id, returning a domain entity" class="Tests\Feature\Infrastructure\Persistence\EloquentProjectRepositoryTest" classname="Tests.Feature.Infrastructure.Persistence.EloquentProjectRepositoryTest" assertions="3" time="0.031734"/>
        <testcase name="it returns null from findById when project does not exist" file="tests/Feature/Infrastructure/Persistence/EloquentProjectRepositoryTest.php::it returns null from findById when project does not exist" class="Tests\Feature\Infrastructure\Persistence\EloquentProjectRepositoryTest" classname="Tests.Feature.Infrastructure.Persistence.EloquentProjectRepositoryTest" assertions="1" time="0.026290"/>
        <testcase name="it updates an existing project and preserves createdAt while bumping updatedAt" file="tests/Feature/Infrastructure/Persistence/EloquentProjectRepositoryTest.php::it updates an existing project and preserves createdAt while bumping updatedAt" class="Tests\Feature\Infrastructure\Persistence\EloquentProjectRepositoryTest" classname="Tests.Feature.Infrastructure.Persistence.EloquentProjectRepositoryTest" assertions="6" time="0.035323"/>
        <testcase name="it throws when saving a project with a positive id that does not exist" file="tests/Feature/Infrastructure/Persistence/EloquentProjectRepositoryTest.php::it throws when saving a project with a positive id that does not exist" class="Tests\Feature\Infrastructure\Persistence\EloquentProjectRepositoryTest" classname="Tests.Feature.Infrastructure.Persistence.EloquentProjectRepositoryTest" assertions="2" time="0.026831"/>
        <testcase name="it preserves all mapped fields and timestamp types on round-trip" file="tests/Feature/Infrastructure/Persistence/EloquentProjectRepositoryTest.php::it preserves all mapped fields and timestamp types on round-trip" class="Tests\Feature\Infrastructure\Persistence\EloquentProjectRepositoryTest" classname="Tests.Feature.Infrastructure.Persistence.EloquentProjectRepositoryTest" assertions="6" time="0.028850"/>
      </testsuite>
      <testsuite name="Tests\Feature\Infrastructure\Persistence\EloquentTaskRepositoryTest" file="tests/Feature/Infrastructure/Persistence/EloquentTaskRepositoryTest.php" tests="13" assertions="35" errors="0" failures="0" skipped="0" time="0.530325">
        <testcase name="it saves a new task and returns entity with assigned id" file="tests/Feature/Infrastructure/Persistence/EloquentTaskRepositoryTest.php::it saves a new task and returns entity with assigned id" class="Tests\Feature\Infrastructure\Persistence\EloquentTaskRepositoryTest" classname="Tests.Feature.Infrastructure.Persistence.EloquentTaskRepositoryTest" assertions="6" time="0.054119"/>
        <testcase name="it preserves all mapped fields on round-trip including enums, nullable assignee and due date" file="tests/Feature/Infrastructure/Persistence/EloquentTaskRepositoryTest.php::it preserves all mapped fields on round-trip including enums, nullable assignee and due date" class="Tests\Feature\Infrastructure\Persistence\EloquentTaskRepositoryTest" classname="Tests.Feature.Infrastructure.Persistence.EloquentTaskRepositoryTest" assertions="10" time="0.037629"/>
        <testcase name="it stores null assignee and null due date" file="tests/Feature/Infrastructure/Persistence/EloquentTaskRepositoryTest.php::it stores null assignee and null due date" class="Tests\Feature\Infrastructure\Persistence\EloquentTaskRepositoryTest" classname="Tests.Feature.Infrastructure.Persistence.EloquentTaskRepositoryTest" assertions="2" time="0.040105"/>
        <testcase name="it returns null from findById when task does not exist" file="tests/Feature/Infrastructure/Persistence/EloquentTaskRepositoryTest.php::it returns null from findById when task does not exist" class="Tests\Feature\Infrastructure\Persistence\EloquentTaskRepositoryTest" classname="Tests.Feature.Infrastructure.Persistence.EloquentTaskRepositoryTest" assertions="1" time="0.029076"/>
        <testcase name="it updates an existing task and preserves createdAt while bumping updatedAt" file="tests/Feature/Infrastructure/Persistence/EloquentTaskRepositoryTest.php::it updates an existing task and preserves createdAt while bumping updatedAt" class="Tests\Feature\Infrastructure\Persistence\EloquentTaskRepositoryTest" classname="Tests.Feature.Infrastructure.Persistence.EloquentTaskRepositoryTest" assertions="4" time="0.041423"/>
        <testcase name="it throws when saving a task with a positive id that does not exist" file="tests/Feature/Infrastructure/Persistence/EloquentTaskRepositoryTest.php::it throws when saving a task with a positive id that does not exist" class="Tests\Feature\Infrastructure\Persistence\EloquentTaskRepositoryTest" classname="Tests.Feature.Infrastructure.Persistence.EloquentTaskRepositoryTest" assertions="2" time="0.035805"/>
        <testcase name="it listByProject returns tasks ordered by id and only for the given project" file="tests/Feature/Infrastructure/Persistence/EloquentTaskRepositoryTest.php::it listByProject returns tasks ordered by id and only for the given project" class="Tests\Feature\Infrastructure\Persistence\EloquentTaskRepositoryTest" classname="Tests.Feature.Infrastructure.Persistence.EloquentTaskRepositoryTest" assertions="1" time="0.041797"/>
        <testcase name="it listByProject filters by status" file="tests/Feature/Infrastructure/Persistence/EloquentTaskRepositoryTest.php::it listByProject filters by status" class="Tests\Feature\Infrastructure\Persistence\EloquentTaskRepositoryTest" classname="Tests.Feature.Infrastructure.Persistence.EloquentTaskRepositoryTest" assertions="2" time="0.035620"/>
        <testcase name="it listByProject filters by dueBefore and excludes tasks without dueDate" file="tests/Feature/Infrastructure/Persistence/EloquentTaskRepositoryTest.php::it listByProject filters by dueBefore and excludes tasks without dueDate" class="Tests\Feature\Infrastructure\Persistence\EloquentTaskRepositoryTest" classname="Tests.Feature.Infrastructure.Persistence.EloquentTaskRepositoryTest" assertions="2" time="0.043971"/>
        <testcase name="it listByProject dueBefore uses strict less-than semantics at the boundary" file="tests/Feature/Infrastructure/Persistence/EloquentTaskRepositoryTest.php::it listByProject dueBefore uses strict less-than semantics at the boundary" class="Tests\Feature\Infrastructure\Persistence\EloquentTaskRepositoryTest" classname="Tests.Feature.Infrastructure.Persistence.EloquentTaskRepositoryTest" assertions="1" time="0.052451"/>
        <testcase name="it listByProject combines status and dueBefore filters" file="tests/Feature/Infrastructure/Persistence/EloquentTaskRepositoryTest.php::it listByProject combines status and dueBefore filters" class="Tests\Feature\Infrastructure\Persistence\EloquentTaskRepositoryTest" classname="Tests.Feature.Infrastructure.Persistence.EloquentTaskRepositoryTest" assertions="2" time="0.053329"/>
        <testcase name="it listByAssignee returns only tasks assigned to the user, ordered by id" file="tests/Feature/Infrastructure/Persistence/EloquentTaskRepositoryTest.php::it listByAssignee returns only tasks assigned to the user, ordered by id" class="Tests\Feature\Infrastructure\Persistence\EloquentTaskRepositoryTest" classname="Tests.Feature.Infrastructure.Persistence.EloquentTaskRepositoryTest" assertions="1" time="0.038206"/>
        <testcase name="it listByAssignee returns empty list when user has no assigned tasks" file="tests/Feature/Infrastructure/Persistence/EloquentTaskRepositoryTest.php::it listByAssignee returns empty list when user has no assigned tasks" class="Tests\Feature\Infrastructure\Persistence\EloquentTaskRepositoryTest" classname="Tests.Feature.Infrastructure.Persistence.EloquentTaskRepositoryTest" assertions="1" time="0.026794"/>
      </testsuite>
      <testsuite name="Tests\Feature\Infrastructure\Persistence\EloquentUserRepositoryTest" file="tests/Feature/Infrastructure/Persistence/EloquentUserRepositoryTest.php" tests="8" assertions="24" errors="0" failures="0" skipped="0" time="0.264218">
        <testcase name="it saves a new domain user and returns entity with assigned id" file="tests/Feature/Infrastructure/Persistence/EloquentUserRepositoryTest.php::it saves a new domain user and returns entity with assigned id" class="Tests\Feature\Infrastructure\Persistence\EloquentUserRepositoryTest" classname="Tests.Feature.Infrastructure.Persistence.EloquentUserRepositoryTest" assertions="5" time="0.052447"/>
        <testcase name="it finds a user by email, returning a domain entity" file="tests/Feature/Infrastructure/Persistence/EloquentUserRepositoryTest.php::it finds a user by email, returning a domain entity" class="Tests\Feature\Infrastructure\Persistence\EloquentUserRepositoryTest" classname="Tests.Feature.Infrastructure.Persistence.EloquentUserRepositoryTest" assertions="3" time="0.030120"/>
        <testcase name="it returns null from findByEmail when user does not exist" file="tests/Feature/Infrastructure/Persistence/EloquentUserRepositoryTest.php::it returns null from findByEmail when user does not exist" class="Tests\Feature\Infrastructure\Persistence\EloquentUserRepositoryTest" classname="Tests.Feature.Infrastructure.Persistence.EloquentUserRepositoryTest" assertions="1" time="0.027855"/>
        <testcase name="it finds a user by id" file="tests/Feature/Infrastructure/Persistence/EloquentUserRepositoryTest.php::it finds a user by id" class="Tests\Feature\Infrastructure\Persistence\EloquentUserRepositoryTest" classname="Tests.Feature.Infrastructure.Persistence.EloquentUserRepositoryTest" assertions="2" time="0.027490"/>
        <testcase name="it returns null from findById when user does not exist" file="tests/Feature/Infrastructure/Persistence/EloquentUserRepositoryTest.php::it returns null from findById when user does not exist" class="Tests\Feature\Infrastructure\Persistence\EloquentUserRepositoryTest" classname="Tests.Feature.Infrastructure.Persistence.EloquentUserRepositoryTest" assertions="1" time="0.029980"/>
        <testcase name="it updates an existing user and preserves createdAt while bumping updatedAt" file="tests/Feature/Infrastructure/Persistence/EloquentUserRepositoryTest.php::it updates an existing user and preserves createdAt while bumping updatedAt" class="Tests\Feature\Infrastructure\Persistence\EloquentUserRepositoryTest" classname="Tests.Feature.Infrastructure.Persistence.EloquentUserRepositoryTest" assertions="8" time="0.035487"/>
        <testcase name="it throws when saving a user with a positive id that does not exist" file="tests/Feature/Infrastructure/Persistence/EloquentUserRepositoryTest.php::it throws when saving a user with a positive id that does not exist" class="Tests\Feature\Infrastructure\Persistence\EloquentUserRepositoryTest" classname="Tests.Feature.Infrastructure.Persistence.EloquentUserRepositoryTest" assertions="2" time="0.029458"/>
        <testcase name="it preserves createdAt and updatedAt as DateTimeImmutable on round-trip" file="tests/Feature/Infrastructure/Persistence/EloquentUserRepositoryTest.php::it preserves createdAt and updatedAt as DateTimeImmutable on round-trip" class="Tests\Feature\Infrastructure\Persistence\EloquentUserRepositoryTest" classname="Tests.Feature.Infrastructure.Persistence.EloquentUserRepositoryTest" assertions="2" time="0.031382"/>
      </testsuite>
      <testsuite name="Tests\Feature\Web\Auth\LoginTest" file="tests/Feature/Web/Auth/LoginTest.php" tests="9" assertions="37" errors="0" failures="0" skipped="0" time="0.369780">
        <testcase name="it shows the login form for guests" file="tests/Feature/Web/Auth/LoginTest.php::it shows the login form for guests" class="Tests\Feature\Web\Auth\LoginTest" classname="Tests.Feature.Web.Auth.LoginTest" assertions="6" time="0.048276"/>
        <testcase name="it exposes the login route link from the home page" file="tests/Feature/Web/Auth/LoginTest.php::it exposes the login route link from the home page" class="Tests\Feature\Web\Auth\LoginTest" classname="Tests.Feature.Web.Auth.LoginTest" assertions="2" time="0.025947"/>
        <testcase name="it redirects authenticated users away from the login form" file="tests/Feature/Web/Auth/LoginTest.php::it redirects authenticated users away from the login form" class="Tests\Feature\Web\Auth\LoginTest" classname="Tests.Feature.Web.Auth.LoginTest" assertions="3" time="0.034813"/>
        <testcase name="it logs in with correct credentials and redirects" file="tests/Feature/Web/Auth/LoginTest.php::it logs in with correct credentials and redirects" class="Tests\Feature\Web\Auth\LoginTest" classname="Tests.Feature.Web.Auth.LoginTest" assertions="4" time="0.059280"/>
        <testcase name="it logs in with case-insensitive email and surrounding whitespace" file="tests/Feature/Web/Auth/LoginTest.php::it logs in with case-insensitive email and surrounding whitespace" class="Tests\Feature\Web\Auth\LoginTest" classname="Tests.Feature.Web.Auth.LoginTest" assertions="4" time="0.041251"/>
        <testcase name="it rejects unknown email with a generic credentials error" file="tests/Feature/Web/Auth/LoginTest.php::it rejects unknown email with a generic credentials error" class="Tests\Feature\Web\Auth\LoginTest" classname="Tests.Feature.Web.Auth.LoginTest" assertions="5" time="0.042009"/>
        <testcase name="it rejects wrong password with the same generic error as unknown email" file="tests/Feature/Web/Auth/LoginTest.php::it rejects wrong password with the same generic error as unknown email" class="Tests\Feature\Web\Auth\LoginTest" classname="Tests.Feature.Web.Auth.LoginTest" assertions="5" time="0.045842"/>
        <testcase name="it rejects submission with an empty email" file="tests/Feature/Web/Auth/LoginTest.php::it rejects submission with an empty email" class="Tests\Feature\Web\Auth\LoginTest" classname="Tests.Feature.Web.Auth.LoginTest" assertions="4" time="0.034829"/>
        <testcase name="it rejects submission with an empty password" file="tests/Feature/Web/Auth/LoginTest.php::it rejects submission with an empty password" class="Tests\Feature\Web\Auth\LoginTest" classname="Tests.Feature.Web.Auth.LoginTest" assertions="4" time="0.037534"/>
      </testsuite>
      <testsuite name="Tests\Feature\Web\Auth\LogoutTest" file="tests/Feature/Web/Auth/LogoutTest.php" tests="4" assertions="12" errors="0" failures="0" skipped="0" time="0.402027">
[...]
        <testcase name="it rejects registration with an invalid email" file="tests/Feature/Web/Auth/RegisterTest.php::it rejects registration with an invalid email" class="Tests\Feature\Web\Auth\RegisterTest" classname="Tests.Feature.Web.Auth.RegisterTest" assertions="4" time="0.034569"/>
        <testcase name="it rejects registration with a password shorter than 8 characters" file="tests/Feature/Web/Auth/RegisterTest.php::it rejects registration with a password shorter than 8 characters" class="Tests\Feature\Web\Auth\RegisterTest" classname="Tests.Feature.Web.Auth.RegisterTest" assertions="4" time="0.031256"/>
        <testcase name="it rejects registration with a mismatched password confirmation" file="tests/Feature/Web/Auth/RegisterTest.php::it rejects registration with a mismatched password confirmation" class="Tests\Feature\Web\Auth\RegisterTest" classname="Tests.Feature.Web.Auth.RegisterTest" assertions="4" time="0.037421"/>
        <testcase name="it rejects registration with a duplicate email case-insensitively" file="tests/Feature/Web/Auth/RegisterTest.php::it rejects registration with a duplicate email case-insensitively" class="Tests\Feature\Web\Auth\RegisterTest" classname="Tests.Feature.Web.Auth.RegisterTest" assertions="4" time="0.053132"/>
      </testsuite>
      <testsuite name="Tests\Feature\Web\CreateProjectTest" file="tests/Feature/Web/CreateProjectTest.php" tests="10" assertions="41" errors="0" failures="0" skipped="0" time="0.506596">
        <testcase name="it redirects guests from GET /projects/create to login" file="tests/Feature/Web/CreateProjectTest.php::it redirects guests from GET /projects/create to login" class="Tests\Feature\Web\CreateProjectTest" classname="Tests.Feature.Web.CreateProjectTest" assertions="3" time="0.056182"/>
        <testcase name="it rejects guest POST /projects via the auth middleware" file="tests/Feature/Web/CreateProjectTest.php::it rejects guest POST /projects via the auth middleware" class="Tests\Feature\Web\CreateProjectTest" classname="Tests.Feature.Web.CreateProjectTest" assertions="3" time="0.036090"/>
        <testcase name="it shows the create project form to authenticated users" file="tests/Feature/Web/CreateProjectTest.php::it shows the create project form to authenticated users" class="Tests\Feature\Web\CreateProjectTest" classname="Tests.Feature.Web.CreateProjectTest" assertions="5" time="0.051459"/>
        <testcase name="it creates a new project and redirects to the list" file="tests/Feature/Web/CreateProjectTest.php::it creates a new project and redirects to the list" class="Tests\Feature\Web\CreateProjectTest" classname="Tests.Feature.Web.CreateProjectTest" assertions="7" time="0.054138"/>
        <testcase name="it registers the creator as the first project member" file="tests/Feature/Web/CreateProjectTest.php::it registers the creator as the first project member" class="Tests\Feature\Web\CreateProjectTest" classname="Tests.Feature.Web.CreateProjectTest" assertions="4" time="0.054329"/>
        <testcase name="it rejects submission with an empty name" file="tests/Feature/Web/CreateProjectTest.php::it rejects submission with an empty name" class="Tests\Feature\Web\CreateProjectTest" classname="Tests.Feature.Web.CreateProjectTest" assertions="4" time="0.049823"/>
        <testcase name="it rejects submission with a whitespace-only name" file="tests/Feature/Web/CreateProjectTest.php::it rejects submission with a whitespace-only name" class="Tests\Feature\Web\CreateProjectTest" classname="Tests.Feature.Web.CreateProjectTest" assertions="4" time="0.047544"/>
        <testcase name="it rejects submission with a non-string name (array injection)" file="tests/Feature/Web/CreateProjectTest.php::it rejects submission with a non-string name (array injection)" class="Tests\Feature\Web\CreateProjectTest" classname="Tests.Feature.Web.CreateProjectTest" assertions="4" time="0.044032"/>
        <testcase name="it rejects submission when name is longer than 255 characters" file="tests/Feature/Web/CreateProjectTest.php::it rejects submission when name is longer than 255 characters" class="Tests\Feature\Web\CreateProjectTest" classname="Tests.Feature.Web.CreateProjectTest" assertions="4" time="0.048547"/>
        <testcase name="it accepts an empty description" file="tests/Feature/Web/CreateProjectTest.php::it accepts an empty description" class="Tests\Feature\Web\CreateProjectTest" classname="Tests.Feature.Web.CreateProjectTest" assertions="3" time="0.064451"/>
      </testsuite>
      <testsuite name="Tests\Feature\Web\CreateTaskTest" file="tests/Feature/Web/CreateTaskTest.php" tests="9" assertions="33" errors="0" failures="0" skipped="0" time="0.546678">
        <testcase name="it redirects guests from GET /projects/{id}/tasks/create to login" file="tests/Feature/Web/CreateTaskTest.php::it redirects guests from GET /projects/{id}/tasks/create to login" class="Tests\Feature\Web\CreateTaskTest" classname="Tests.Feature.Web.CreateTaskTest" assertions="3" time="0.061433"/>
        <testcase name="it returns 404 for non-member on GET /projects/{id}/tasks/create" file="tests/Feature/Web/CreateTaskTest.php::it returns 404 for non-member on GET /projects/{id}/tasks/create" class="Tests\Feature\Web\CreateTaskTest" classname="Tests.Feature.Web.CreateTaskTest" assertions="1" time="0.058877"/>
        <testcase name="it shows the create task form for members" file="tests/Feature/Web/CreateTaskTest.php::it shows the create task form for members" class="Tests\Feature\Web\CreateTaskTest" classname="Tests.Feature.Web.CreateTaskTest" assertions="5" time="0.068245"/>
        <testcase name="it creates a task and redirects to the project show page" file="tests/Feature/Web/CreateTaskTest.php::it creates a task and redirects to the project show page" class="Tests\Feature\Web\CreateTaskTest" classname="Tests.Feature.Web.CreateTaskTest" assertions="5" time="0.066929"/>
        <testcase name="it rejects an empty title" file="tests/Feature/Web/CreateTaskTest.php::it rejects an empty title" class="Tests\Feature\Web\CreateTaskTest" classname="Tests.Feature.Web.CreateTaskTest" assertions="4" time="0.050996"/>
        <testcase name="it rejects a whitespace-only title" file="tests/Feature/Web/CreateTaskTest.php::it rejects a whitespace-only title" class="Tests\Feature\Web\CreateTaskTest" classname="Tests.Feature.Web.CreateTaskTest" assertions="4" time="0.053102"/>
        <testcase name="it rejects an invalid status value" file="tests/Feature/Web/CreateTaskTest.php::it rejects an invalid status value" class="Tests\Feature\Web\CreateTaskTest" classname="Tests.Feature.Web.CreateTaskTest" assertions="4" time="0.061607"/>
        <testcase name="it rejects an invalid priority value" file="tests/Feature/Web/CreateTaskTest.php::it rejects an invalid priority value" class="Tests\Feature\Web\CreateTaskTest" classname="Tests.Feature.Web.CreateTaskTest" assertions="4" time="0.055765"/>
        <testcase name="it accepts a null due date" file="tests/Feature/Web/CreateTaskTest.php::it accepts a null due date" class="Tests\Feature\Web\CreateTaskTest" classname="Tests.Feature.Web.CreateTaskTest" assertions="3" time="0.069724"/>
      </testsuite>
      <testsuite name="Tests\Feature\Web\DashboardTest" file="tests/Feature/Web/DashboardTest.php" tests="6" assertions="18" errors="0" failures="0" skipped="0" time="0.351031">
        <testcase name="it redirects guests from /dashboard to login" file="tests/Feature/Web/DashboardTest.php::it redirects guests from /dashboard to login" class="Tests\Feature\Web\DashboardTest" classname="Tests.Feature.Web.DashboardTest" assertions="3" time="0.050994"/>
        <testcase name="it shows assigned tasks on the dashboard" file="tests/Feature/Web/DashboardTest.php::it shows assigned tasks on the dashboard" class="Tests\Feature\Web\DashboardTest" classname="Tests.Feature.Web.DashboardTest" assertions="3" time="0.072519"/>
        <testcase name="it shows upcoming deadlines sorted by date" file="tests/Feature/Web/DashboardTest.php::it shows upcoming deadlines sorted by date" class="Tests\Feature\Web\DashboardTest" classname="Tests.Feature.Web.DashboardTest" assertions="2" time="0.070388"/>
        <testcase name="it shows project links on the dashboard" file="tests/Feature/Web/DashboardTest.php::it shows project links on the dashboard" class="Tests\Feature\Web\DashboardTest" classname="Tests.Feature.Web.DashboardTest" assertions="3" time="0.062188"/>
        <testcase name="it shows empty state when no tasks or projects" file="tests/Feature/Web/DashboardTest.php::it shows empty state when no tasks or projects" class="Tests\Feature\Web\DashboardTest" classname="Tests.Feature.Web.DashboardTest" assertions="4" time="0.052344"/>
        <testcase name="it redirects to dashboard after login" file="tests/Feature/Web/DashboardTest.php::it redirects to dashboard after login" class="Tests\Feature\Web\DashboardTest" classname="Tests.Feature.Web.DashboardTest" assertions="3" time="0.042598"/>
      </testsuite>
      <testsuite name="Tests\Feature\Web\EditTaskTest" file="tests/Feature/Web/EditTaskTest.php" tests="7" assertions="21" errors="0" failures="0" skipped="0" time="0.471688">
        <testcase name="it redirects guests from GET /tasks/{id}/edit to login" file="tests/Feature/Web/EditTaskTest.php::it redirects guests from GET /tasks/{id}/edit to login" class="Tests\Feature\Web\EditTaskTest" classname="Tests.Feature.Web.EditTaskTest" assertions="3" time="0.043423"/>
        <testcase name="it returns 404 when actor is not a project member" file="tests/Feature/Web/EditTaskTest.php::it returns 404 when actor is not a project member" class="Tests\Feature\Web\EditTaskTest" classname="Tests.Feature.Web.EditTaskTest" assertions="1" time="0.081455"/>
        <testcase name="it shows edit form pre-filled with current task values" file="tests/Feature/Web/EditTaskTest.php::it shows edit form pre-filled with current task values" class="Tests\Feature\Web\EditTaskTest" classname="Tests.Feature.Web.EditTaskTest" assertions="5" time="0.065536"/>
        <testcase name="it updates the task and redirects to show" file="tests/Feature/Web/EditTaskTest.php::it updates the task and redirects to show" class="Tests\Feature\Web\EditTaskTest" classname="Tests.Feature.Web.EditTaskTest" assertions="6" time="0.069672"/>
        <testcase name="it rejects an empty title" file="tests/Feature/Web/EditTaskTest.php::it rejects an empty title" class="Tests\Feature\Web\EditTaskTest" classname="Tests.Feature.Web.EditTaskTest" assertions="4" time="0.067106"/>
        <testcase name="it changes status from todo to done" file="tests/Feature/Web/EditTaskTest.php::it changes status from todo to done" class="Tests\Feature\Web\EditTaskTest" classname="Tests.Feature.Web.EditTaskTest" assertions="1" time="0.083868"/>
        <testcase name="it clears the due date when submitted empty" file="tests/Feature/Web/EditTaskTest.php::it clears the due date when submitted empty" class="Tests\Feature\Web\EditTaskTest" classname="Tests.Feature.Web.EditTaskTest" assertions="1" time="0.060628"/>
      </testsuite>
      <testsuite name="Tests\Feature\Web\LayoutTest" file="tests/Feature/Web/LayoutTest.php" tests="4" assertions="13" errors="0" failures="0" skipped="0" time="0.143579">
        <testcase name="it renders the home page with layout brand and guest navigation" file="tests/Feature/Web/LayoutTest.php::it renders the home page with layout brand and guest navigation" class="Tests\Feature\Web\LayoutTest" classname="Tests.Feature.Web.LayoutTest" assertions="4" time="0.044132"/>
        <testcase name="it hides authenticated navigation links on the guest home page" file="tests/Feature/Web/LayoutTest.php::it hides authenticated navigation links on the guest home page" class="Tests\Feature\Web\LayoutTest" classname="Tests.Feature.Web.LayoutTest" assertions="4" time="0.033640"/>
        <testcase name="it includes the vite-built stylesheet in the layout head" file="tests/Feature/Web/LayoutTest.php::it includes the vite-built stylesheet in the layout head" class="Tests\Feature\Web\LayoutTest" classname="Tests.Feature.Web.LayoutTest" assertions="1" time="0.031809"/>
        <testcase name="it renders the welcome page with primary call-to-action buttons" file="tests/Feature/Web/LayoutTest.php::it renders the welcome page with primary call-to-action buttons" class="Tests\Feature\Web\LayoutTest" classname="Tests.Feature.Web.LayoutTest" assertions="4" time="0.033997"/>
      </testsuite>
      <testsuite name="Tests\Feature\Web\ProjectsTest" file="tests/Feature/Web/ProjectsTest.php" tests="5" assertions="14" errors="0" failures="0" skipped="0" time="0.254294">
        <testcase name="it redirects guests from /projects to login" file="tests/Feature/Web/ProjectsTest.php::it redirects guests from /projects to login" class="Tests\Feature\Web\ProjectsTest" classname="Tests.Feature.Web.ProjectsTest" assertions="3" time="0.041321"/>
        <testcase name="it shows an empty state when the user has no projects" file="tests/Feature/Web/ProjectsTest.php::it shows an empty state when the user has no projects" class="Tests\Feature\Web\ProjectsTest" classname="Tests.Feature.Web.ProjectsTest" assertions="3" time="0.042302"/>
        <testcase name="it shows only the projects the user is a member of" file="tests/Feature/Web/ProjectsTest.php::it shows only the projects the user is a member of" class="Tests\Feature\Web\ProjectsTest" classname="Tests.Feature.Web.ProjectsTest" assertions="3" time="0.062235"/>
        <testcase name="it shows projects in stable id order" file="tests/Feature/Web/ProjectsTest.php::it shows projects in stable id order" class="Tests\Feature\Web\ProjectsTest" classname="Tests.Feature.Web.ProjectsTest" assertions="3" time="0.058695"/>
        <testcase name="it nav Projects link points to the projects index route when signed in" file="tests/Feature/Web/ProjectsTest.php::it nav Projects link points to the projects index route when signed in" class="Tests\Feature\Web\ProjectsTest" classname="Tests.Feature.Web.ProjectsTest" assertions="2" time="0.049741"/>
      </testsuite>
      <testsuite name="Tests\Feature\Web\ShowProjectTest" file="tests/Feature/Web/ShowProjectTest.php" tests="10" assertions="24" errors="0" failures="0" skipped="0" time="0.609626">
        <testcase name="it redirects guests from GET /projects/{id} to login" file="tests/Feature/Web/ShowProjectTest.php::it redirects guests from GET /projects/{id} to login" class="Tests\Feature\Web\ShowProjectTest" classname="Tests.Feature.Web.ShowProjectTest" assertions="3" time="0.044136"/>
        <testcase name="it returns 404 when the project does not exist" file="tests/Feature/Web/ShowProjectTest.php::it returns 404 when the project does not exist" class="Tests\Feature\Web\ShowProjectTest" classname="Tests.Feature.Web.ShowProjectTest" assertions="1" time="0.049688"/>
        <testcase name="it returns 404 when actor is not a member of the project" file="tests/Feature/Web/ShowProjectTest.php::it returns 404 when actor is not a member of the project" class="Tests\Feature\Web\ShowProjectTest" classname="Tests.Feature.Web.ShowProjectTest" assertions="3" time="0.064588"/>
        <testcase name="it shows the project name and description for members" file="tests/Feature/Web/ShowProjectTest.php::it shows the project name and description for members" class="Tests\Feature\Web\ShowProjectTest" classname="Tests.Feature.Web.ShowProjectTest" assertions="3" time="0.070623"/>
        <testcase name="it shows the project tasks in stable id order" file="tests/Feature/Web/ShowProjectTest.php::it shows the project tasks in stable id order" class="Tests\Feature\Web\ShowProjectTest" classname="Tests.Feature.Web.ShowProjectTest" assertions="3" time="0.079912"/>
        <testcase name="it shows an empty state when the project has no tasks" file="tests/Feature/Web/ShowProjectTest.php::it shows an empty state when the project has no tasks" class="Tests\Feature\Web\ShowProjectTest" classname="Tests.Feature.Web.ShowProjectTest" assertions="2" time="0.055809"/>
        <testcase name="it filters tasks by status via query parameter" file="tests/Feature/Web/ShowProjectTest.php::it filters tasks by status via query parameter" class="Tests\Feature\Web\ShowProjectTest" classname="Tests.Feature.Web.ShowProjectTest" assertions="3" time="0.076282"/>
        <testcase name="it ignores an invalid status query parameter" file="tests/Feature/Web/ShowProjectTest.php::it ignores an invalid status query parameter" class="Tests\Feature\Web\ShowProjectTest" classname="Tests.Feature.Web.ShowProjectTest" assertions="2" time="0.064595"/>
        <testcase name="it projects index links to the show page for each project" file="tests/Feature/Web/ShowProjectTest.php::it projects index links to the show page for each project" class="Tests\Feature\Web\ShowProjectTest" classname="Tests.Feature.Web.ShowProjectTest" assertions="2" time="0.057245"/>
        <testcase name="it routes /projects/create before /projects/{project}" file="tests/Feature/Web/ShowProjectTest.php::it routes /projects/create before /projects/{project}" class="Tests\Feature\Web\ShowProjectTest" classname="Tests.Feature.Web.ShowProjectTest" assertions="2" time="0.046748"/>
      </testsuite>
      <testsuite name="Tests\Feature\Web\ShowTaskTest" file="tests/Feature/Web/ShowTaskTest.php" tests="8" assertions="23" errors="0" failures="0" skipped="0" time="0.475951">
        <testcase name="it redirects guests from GET /tasks/{id} to login" file="tests/Feature/Web/ShowTaskTest.php::it redirects guests from GET /tasks/{id} to login" class="Tests\Feature\Web\ShowTaskTest" classname="Tests.Feature.Web.ShowTaskTest" assertions="3" time="0.045999"/>
        <testcase name="it returns 404 for an unknown task id" file="tests/Feature/Web/ShowTaskTest.php::it returns 404 for an unknown task id" class="Tests\Feature\Web\ShowTaskTest" classname="Tests.Feature.Web.ShowTaskTest" assertions="1" time="0.053894"/>
        <testcase name="it returns 404 when actor is not a project member" file="tests/Feature/Web/ShowTaskTest.php::it returns 404 when actor is not a project member" class="Tests\Feature\Web\ShowTaskTest" classname="Tests.Feature.Web.ShowTaskTest" assertions="1" time="0.060176"/>
        <testcase name="it shows the task fields for a project member" file="tests/Feature/Web/ShowTaskTest.php::it shows the task fields for a project member" class="Tests\Feature\Web\ShowTaskTest" classname="Tests.Feature.Web.ShowTaskTest" assertions="5" time="0.070789"/>
        <testcase name="it shows existing comments on the task" file="tests/Feature/Web/ShowTaskTest.php::it shows existing comments on the task" class="Tests\Feature\Web\ShowTaskTest" classname="Tests.Feature.Web.ShowTaskTest" assertions="3" time="0.071010"/>
        <testcase name="it adds a comment and redirects back to the task" file="tests/Feature/Web/ShowTaskTest.php::it adds a comment and redirects back to the task" class="Tests\Feature\Web\ShowTaskTest" classname="Tests.Feature.Web.ShowTaskTest" assertions="4" time="0.068395"/>
        <testcase name="it rejects an empty comment body" file="tests/Feature/Web/ShowTaskTest.php::it rejects an empty comment body" class="Tests\Feature\Web\ShowTaskTest" classname="Tests.Feature.Web.ShowTaskTest" assertions="4" time="0.048111"/>
        <testcase name="it task titles in project show link to the task detail page" file="tests/Feature/Web/ShowTaskTest.php::it task titles in project show link to the task detail page" class="Tests\Feature\Web\ShowTaskTest" classname="Tests.Feature.Web.ShowTaskTest" assertions="2" time="0.057576"/>
      </testsuite>
    </testsuite>
  </testsuite>
</testsuites>
